<?xml version="1.0" encoding="UTF-8"?>
<testng-results ignored="0" total="1" passed="1" failed="0" skipped="0">
  <reporter-output>
  </reporter-output>
  <suite started-at="2021-06-27T20:41:34 IST" name="Suite" finished-at="2021-06-27T20:41:44 IST" duration-ms="9752">
    <groups>
      <group name="cucumber">
        <method signature="AbstractTestNGCucumberTests.runScenario(io.cucumber.testng.PickleWrapper,io.cucumber.testng.FeatureWrapper)[pri:0, instance:testRunner.Runner@20ce78ec]" name="runScenario" class="io.cucumber.testng.AbstractTestNGCucumberTests"/>
      </group> <!-- cucumber -->
    </groups>
    <test started-at="2021-06-27T20:41:34 IST" name="Test" finished-at="2021-06-27T20:41:44 IST" duration-ms="9752">
      <class name="testRunner.Runner">
        <test-method is-config="true" signature="setUpClass()[pri:0, instance:testRunner.Runner@20ce78ec]" started-at="2021-06-27T20:41:34 IST" name="setUpClass" finished-at="2021-06-27T20:41:35 IST" duration-ms="327" status="PASS">
          <reporter-output>
          </reporter-output>
        </test-method> <!-- setUpClass -->
        <test-method signature="runScenario(io.cucumber.testng.PickleWrapper,io.cucumber.testng.FeatureWrapper)[pri:0, instance:testRunner.Runner@20ce78ec]" started-at="2021-06-27T20:41:35 IST" name="runScenario" description="Runs Cucumber Scenarios" data-provider="scenarios" finished-at="2021-06-27T20:41:44 IST" duration-ms="9358" status="PASS">
          <params>
            <param index="0">
              <value>
                <![CDATA["Launch Finology"]]>
              </value>
            </param>
            <param index="1">
              <value>
                <![CDATA["Optional[Finology Home Page]"]]>
              </value>
            </param>
          </params>
          <reporter-output>
          </reporter-output>
        </test-method> <!-- runScenario -->
        <test-method is-config="true" signature="tearDownClass()[pri:0, instance:testRunner.Runner@20ce78ec]" started-at="2021-06-27T20:41:44 IST" name="tearDownClass" finished-at="2021-06-27T20:41:44 IST" duration-ms="16" status="PASS">
          <reporter-output>
          </reporter-output>
        </test-method> <!-- tearDownClass -->
      </class> <!-- testRunner.Runner -->
    </test> <!-- Test -->
  </suite> <!-- Suite -->
</testng-results>
